{"level":"info","message":"Starting audio extraction","service":"bilibili-discord-bot","timestamp":"2025-09-01T09:47:15.280Z","url":"https://www.bilibili.com/video/BV1uv4y1q7Mv"}
{"level":"info","message":"yt-dlp availability confirmed","service":"bilibili-discord-bot","timestamp":"2025-09-01T09:47:15.538Z"}
{"duration":60.231,"level":"info","message":"Audio extraction completed successfully","service":"bilibili-discord-bot","timestamp":"2025-09-01T09:47:17.919Z","title":"韩红-一个人 伴奏 高音质纯伴奏高品每天爱你多一些 长宇 晨悠组合 无损伴奏","url":"https://www.bilibili.com/video/BV1uv4y1q7Mv"}
{"level":"info","message":"Starting audio extraction","service":"bilibili-discord-bot","timestamp":"2025-09-01T09:50:30.489Z","url":"https://www.bilibili.com/video/BV1uv4y1q7Mv"}
{"level":"info","message":"yt-dlp availability confirmed","service":"bilibili-discord-bot","timestamp":"2025-09-01T09:50:30.730Z"}
{"duration":60.231,"level":"info","message":"Audio extraction completed successfully","service":"bilibili-discord-bot","timestamp":"2025-09-01T09:50:33.609Z","title":"韩红-一个人 伴奏 高音质纯伴奏高品每天爱你多一些 长宇 晨悠组合 无损伴奏","url":"https://www.bilibili.com/video/BV1uv4y1q7Mv"}
{"level":"info","message":"Starting Bilibili Discord Bot","service":"bilibili-discord-bot","timestamp":"2025-09-01T09:51:31.084Z"}
{"level":"info","message":"Initializing Bilibili audio extractor","service":"bilibili-discord-bot","timestamp":"2025-09-01T09:51:31.086Z"}
{"level":"info","message":"Bilibili extractor initialized (will test on first use)","service":"bilibili-discord-bot","timestamp":"2025-09-01T09:51:31.086Z"}
{"level":"info","message":"Initializing Discord bot client","service":"bilibili-discord-bot","timestamp":"2025-09-01T09:51:31.086Z"}
{"level":"info","message":"Bilibili extractor attached to Discord client","service":"bilibili-discord-bot","timestamp":"2025-09-01T09:51:31.103Z"}
{"level":"info","message":"Bilibili extractor attached to audio manager","service":"bilibili-discord-bot","timestamp":"2025-09-01T09:51:31.104Z"}
{"level":"info","message":"Initializing Discord bot client","service":"bilibili-discord-bot","timestamp":"2025-09-01T09:51:31.104Z"}
{"count":7,"level":"info","message":"Commands loaded","service":"bilibili-discord-bot","timestamp":"2025-09-01T09:51:31.106Z"}
{"guilds":1,"id":"1411972622727647272","level":"info","message":"Discord bot is ready!","service":"bilibili-discord-bot","timestamp":"2025-09-01T09:51:33.425Z","username":"F.M. Hachimi"}
{"level":"info","message":"Successfully logged in to Discord","service":"bilibili-discord-bot","timestamp":"2025-09-01T09:51:33.426Z"}
{"level":"info","message":"Discord bot client initialized successfully","service":"bilibili-discord-bot","timestamp":"2025-09-01T09:51:33.426Z"}
{"level":"info","message":"Bilibili Discord Bot started successfully","service":"bilibili-discord-bot","timestamp":"2025-09-01T09:51:33.426Z"}
{"guilds":1,"id":"1411972622727647272","level":"info","message":"Bot statistics","ready":true,"service":"bilibili-discord-bot","timestamp":"2025-09-01T09:51:33.426Z","uptime":0,"username":"F.M. Hachimi","users":2}
{"level":"info","message":"Starting Bilibili Discord Bot","service":"bilibili-discord-bot","timestamp":"2025-09-01T09:53:05.073Z"}
{"level":"info","message":"Initializing Bilibili audio extractor","service":"bilibili-discord-bot","timestamp":"2025-09-01T09:53:05.074Z"}
{"level":"info","message":"Bilibili extractor initialized (will test on first use)","service":"bilibili-discord-bot","timestamp":"2025-09-01T09:53:05.074Z"}
{"level":"info","message":"Initializing Discord bot client","service":"bilibili-discord-bot","timestamp":"2025-09-01T09:53:05.074Z"}
{"level":"info","message":"Bilibili extractor attached to Discord client","service":"bilibili-discord-bot","timestamp":"2025-09-01T09:53:05.093Z"}
{"level":"info","message":"Bilibili extractor attached to audio manager","service":"bilibili-discord-bot","timestamp":"2025-09-01T09:53:05.093Z"}
{"level":"info","message":"Initializing Discord bot client","service":"bilibili-discord-bot","timestamp":"2025-09-01T09:53:05.093Z"}
{"count":7,"level":"info","message":"Commands loaded","service":"bilibili-discord-bot","timestamp":"2025-09-01T09:53:05.099Z"}
{"guilds":1,"id":"1411972622727647272","level":"info","message":"Discord bot is ready!","service":"bilibili-discord-bot","timestamp":"2025-09-01T09:53:07.268Z","username":"F.M. Hachimi"}
{"level":"info","message":"Successfully logged in to Discord","service":"bilibili-discord-bot","timestamp":"2025-09-01T09:53:07.269Z"}
{"level":"info","message":"Discord bot client initialized successfully","service":"bilibili-discord-bot","timestamp":"2025-09-01T09:53:07.269Z"}
{"level":"info","message":"Bilibili Discord Bot started successfully","service":"bilibili-discord-bot","timestamp":"2025-09-01T09:53:07.269Z"}
{"guilds":1,"id":"1411972622727647272","level":"info","message":"Bot statistics","ready":true,"service":"bilibili-discord-bot","timestamp":"2025-09-01T09:53:07.270Z","uptime":0,"username":"F.M. Hachimi","users":2}
{"level":"info","message":"Received SIGINT, shutting down gracefully","service":"bilibili-discord-bot","timestamp":"2025-09-01T09:53:14.966Z"}
{"level":"info","message":"Shutting down Bilibili Discord Bot","service":"bilibili-discord-bot","timestamp":"2025-09-01T09:53:14.972Z"}
{"level":"info","message":"Shutting down Discord bot","service":"bilibili-discord-bot","timestamp":"2025-09-01T09:53:14.973Z"}
{"level":"info","message":"Starting Bilibili Discord Bot","service":"bilibili-discord-bot","timestamp":"2025-09-01T09:59:52.194Z"}
{"level":"info","message":"Initializing Bilibili audio extractor","service":"bilibili-discord-bot","timestamp":"2025-09-01T09:59:52.195Z"}
{"level":"info","message":"Bilibili extractor initialized (will test on first use)","service":"bilibili-discord-bot","timestamp":"2025-09-01T09:59:52.195Z"}
{"level":"info","message":"Initializing Discord bot client","service":"bilibili-discord-bot","timestamp":"2025-09-01T09:59:52.195Z"}
{"level":"info","message":"Bilibili extractor attached to Discord client","service":"bilibili-discord-bot","timestamp":"2025-09-01T09:59:52.213Z"}
{"level":"info","message":"Bilibili extractor attached to audio manager","service":"bilibili-discord-bot","timestamp":"2025-09-01T09:59:52.213Z"}
{"level":"info","message":"Initializing Discord bot client","service":"bilibili-discord-bot","timestamp":"2025-09-01T09:59:52.213Z"}
{"count":7,"level":"info","message":"Commands loaded","service":"bilibili-discord-bot","timestamp":"2025-09-01T09:59:52.218Z"}
{"level":"info","message":"Successfully logged in to Discord","service":"bilibili-discord-bot","timestamp":"2025-09-01T09:59:54.339Z"}
{"level":"info","message":"Discord bot client initialized successfully","service":"bilibili-discord-bot","timestamp":"2025-09-01T09:59:54.340Z"}
{"level":"info","message":"Bilibili Discord Bot started successfully","service":"bilibili-discord-bot","timestamp":"2025-09-01T09:59:54.340Z"}
{"guilds":0,"level":"info","message":"Bot statistics","ready":false,"service":"bilibili-discord-bot","timestamp":"2025-09-01T09:59:54.340Z","uptime":0,"users":0}
{"guilds":1,"id":"1411972622727647272","level":"info","message":"Discord bot is ready!","service":"bilibili-discord-bot","timestamp":"2025-09-01T09:59:54.346Z","username":"F.M. Hachimi"}
{"guildId":"1376318047794761838","level":"info","message":"Created new audio player for guild","service":"bilibili-discord-bot","timestamp":"2025-09-01T10:00:05.068Z"}
{"guild":"Bryan K's server","level":"info","message":"Extracting Bilibili video for playback","service":"bilibili-discord-bot","timestamp":"2025-09-01T10:00:05.068Z","url":"https://www.bilibili.com/video/BV1uv4y1q7Mv","user":"bk233"}
{"level":"info","message":"Starting audio extraction","service":"bilibili-discord-bot","timestamp":"2025-09-01T10:00:05.068Z","url":"https://www.bilibili.com/video/BV1uv4y1q7Mv"}
{"level":"info","message":"yt-dlp availability confirmed","service":"bilibili-discord-bot","timestamp":"2025-09-01T10:00:06.174Z"}
{"duration":60.231,"level":"info","message":"Audio extraction completed successfully","service":"bilibili-discord-bot","timestamp":"2025-09-01T10:00:09.419Z","title":"韩红-一个人 伴奏 高音质纯伴奏高品每天爱你多一些 长宇 晨悠组合 无损伴奏","url":"https://www.bilibili.com/video/BV1uv4y1q7Mv"}
{"channelId":"1376318049463963692","channelName":"General","guildId":"1376318047794761838","level":"info","message":"Attempting to join voice channel","service":"bilibili-discord-bot","timestamp":"2025-09-01T10:00:09.419Z"}
{"channelId":"1376318049463963692","guildId":"1376318047794761838","level":"info","message":"Successfully joined voice channel","service":"bilibili-discord-bot","timestamp":"2025-09-01T10:00:12.403Z"}
{"guild":"1376318047794761838","level":"info","message":"Track added to queue","queueLength":1,"requestedBy":"Bryan K","service":"bilibili-discord-bot","timestamp":"2025-09-01T10:00:12.403Z","title":"韩红-一个人 伴奏 高音质纯伴奏高品每天爱你多一些 长宇 晨悠组合 无损伴奏"}
{"audioUrl":"Available","guild":"1376318047794761838","level":"info","message":"Starting to play track","service":"bilibili-discord-bot","timestamp":"2025-09-01T10:00:12.403Z","title":"韩红-一个人 伴奏 高音质纯伴奏高品每天爱你多一些 长宇 晨悠组合 无损伴奏","voiceConnectionStatus":"ready"}
{"audioUrl":"Available","guild":"1376318047794761838","level":"info","message":"Creating audio resource","service":"bilibili-discord-bot","timestamp":"2025-09-01T10:00:12.404Z"}
{"level":"info","message":"Audio resource created successfully","service":"bilibili-discord-bot","timestamp":"2025-09-01T10:00:12.516Z"}
{"guild":"1376318047794761838","level":"info","message":"Audio player started playing","service":"bilibili-discord-bot","subscribed":true,"timestamp":"2025-09-01T10:00:12.747Z","track":"韩红-一个人 伴奏 高音质纯伴奏高品每天爱你多一些 长宇 晨悠组合 无损伴奏","voiceConnectionStatus":"ready"}
{"guild":"1376318047794761838","level":"info","message":"Audio player became idle","service":"bilibili-discord-bot","timestamp":"2025-09-01T10:00:13.317Z","track":"韩红-一个人 伴奏 高音质纯伴奏高品每天爱你多一些 长宇 晨悠组合 无损伴奏"}
{"error":"Cannot read properties of null (reading 'title')","guild":"1376318047794761838","level":"error","message":"Playback error occurred","service":"bilibili-discord-bot","timestamp":"2025-09-01T10:00:13.518Z","track":"韩红-一个人 伴奏 高音质纯伴奏高品每天爱你多一些 长宇 晨悠组合 无损伴奏"}
{"command":"play","guild":"Bryan K's server","level":"info","message":"Command executed successfully","service":"bilibili-discord-bot","timestamp":"2025-09-01T10:00:14.530Z","user":"bk233"}
